<?xml version="1.0" encoding="UTF-8"?>
<testsuite name="com.gradle.FirstClassTest" tests="4" skipped="0" failures="0" errors="0" timestamp="2022-01-06T22:25:44" hostname="DESKTOP-BFMUBVG" time="0.043">
  <properties/>
  <testcase name="FirstThreeAndFiveNumbers()" classname="com.gradle.FirstClassTest" time="0.038"/>
  <testcase name="FirstFiveNumbers()" classname="com.gradle.FirstClassTest" time="0.001"/>
  <testcase name="FirstNormalNumbers()" classname="com.gradle.FirstClassTest" time="0.001"/>
  <testcase name="FirstThreeNumbers()" classname="com.gradle.FirstClassTest" time="0.001"/>
  <system-out><![CDATA[]]></system-out>
  <system-err><![CDATA[]]></system-err>
</testsuite>
